# IPython log file

%logstart -ort 1.3.3/Logs/Yoo_1.3.3.#1.log
a == 3
a =3
# 6a Prediction: True
a**2 >= 9 and not a>3
#[Out]# True
# 6b Prediction: True
a+2 == 5 or a-1 != 3
#[Out]# True
# 7.
x, y = (65, 40)
x
#[Out]# 65
50<x and x<80 and 30<=y and y<=45
#[Out]# True
#7. Compound Conditional
40<x and x<130 and 100<=y and y<=120
#[Out]# False
x, y = (90, 115)
# 8.
40<x and x<130 and 100<=y and y<=120
#[Out]# True
%run 1.3.3/Yoo_1.3.3.py
# 9a. Predictions: Below age limit, old enough
age_limit_output(10)
age_llimit_output(13)
age_limit_outpout(13)
age_limit_output(13)
# 10 is less than the defined variable, so it returns the message that 10 is below the age limit. 13 is equal to the age limit, so it returns that 13 is old enough.
%logstop
# Tue, 11 Dec 2018 17:02:58
%run 1.3.3/Yoo_1.3.3.py
# Tue, 11 Dec 2018 17:03:30
report_grade(13)
# Tue, 11 Dec 2018 17:04:01
report_grade(83)
# Tue, 11 Dec 2018 17:04:15
report_grade(80)
# Tue, 11 Dec 2018 17:05:03
report_grade(79)
# Tue, 11 Dec 2018 17:16:18
letter_in_word(l,like)
# Tue, 11 Dec 2018 17:16:34
%run 1.3.3/Yoo_1.3.3.py
# Tue, 11 Dec 2018 17:16:47
letter_in_word(g,guess)
# Tue, 11 Dec 2018 17:17:38
letter_in_word(l,like)
# Tue, 11 Dec 2018 17:19:08
letter_in_word('g','goof')
#[Out]# True
# Tue, 11 Dec 2018 17:19:31
letter_in_word('gf','gaf')
#[Out]# False
# Tue, 11 Dec 2018 17:19:55
letter_in_word('G','good')
#[Out]# False
# Tue, 11 Dec 2018 17:26:27
%logstop
