# IPython log file

# Mon, 10 Dec 2018 17:26:00
a == 3
# Mon, 10 Dec 2018 17:26:03
a =3
# Mon, 10 Dec 2018 17:26:18
# 6a Prediction: True
# Mon, 10 Dec 2018 17:26:31
a**2 >= 9 and not a>3
#[Out]# True
# Mon, 10 Dec 2018 17:27:22
# 6b Prediction: True
# Mon, 10 Dec 2018 17:27:24
a+2 == 5 or a-1 != 3
#[Out]# True
# Mon, 10 Dec 2018 17:31:09
# 7.
# Mon, 10 Dec 2018 17:31:12
x, y = (65, 40)
# Mon, 10 Dec 2018 17:31:14
x
#[Out]# 65
# Mon, 10 Dec 2018 17:31:58
50<x and x<80 and 30<=y and y<=45
#[Out]# True
# Mon, 10 Dec 2018 17:32:35
#7. Compound Conditional
# Mon, 10 Dec 2018 17:34:51
40<x and x<130 and 100<=y and y<=120
#[Out]# False
# Mon, 10 Dec 2018 17:36:33
x, y = (90, 115)
# Mon, 10 Dec 2018 17:36:48
# 8.
# Mon, 10 Dec 2018 17:36:55
40<x and x<130 and 100<=y and y<=120
#[Out]# True
# Mon, 10 Dec 2018 17:41:37
%run 1.3.3/Yoo_1.3.3.py
# Mon, 10 Dec 2018 17:43:06
# 9a. Predictions: Below age limit, old enough
# Mon, 10 Dec 2018 17:43:16
age_limit_output(10)
# Mon, 10 Dec 2018 17:44:12
age_llimit_output(13)
# Mon, 10 Dec 2018 17:44:21
age_limit_outpout(13)
# Mon, 10 Dec 2018 17:44:31
age_limit_output(13)
# Mon, 10 Dec 2018 17:45:41
# 10 is less than the defined variable, so it returns the message that 10 is below the age limit. 13 is equal to the age limit, so it returns that 13 is old enough.
# Mon, 10 Dec 2018 17:50:32
%logstop
